<?xml version="1.0" encoding="UTF-8"?>
<!-- Generated by org.testng.reporters.JUnitReportReporter -->
<testsuite hostname="anthonyc-SocialCode.local" name="com.socialcode.webdriver.tests.initiatives.CreateInitiative" tests="5" failures="0" timestamp="26 Jan 2016 18:20:13 GMT" time="226.928" errors="0">
  <testcase name="TC1_2_Create_an_Initiative" time="46.496" classname="com.socialcode.webdriver.tests.initiatives.CreateInitiative"/>
  <testcase name="TC1_2_Create_an_Initiative" time="47.550" classname="com.socialcode.webdriver.tests.initiatives.CreateInitiative"/>
  <testcase name="TC1_2_Create_an_Initiative" time="46.754" classname="com.socialcode.webdriver.tests.initiatives.CreateInitiative"/>
  <testcase name="TC1_2_Create_an_Initiative" time="43.096" classname="com.socialcode.webdriver.tests.initiatives.CreateInitiative"/>
  <testcase name="TC1_2_Create_an_Initiative" time="43.032" classname="com.socialcode.webdriver.tests.initiatives.CreateInitiative"/>
</testsuite> <!-- com.socialcode.webdriver.tests.initiatives.CreateInitiative -->
