<?xml version="1.0" encoding="UTF-8"?>
<!-- Generated by org.testng.reporters.JUnitReportReporter -->
<testsuite hostname="anthonyc-SocialCode.local" name="com.socialcode.webdriver.tests.campaigns.DeleteCampaign" tests="2" failures="0" timestamp="26 Jan 2016 18:20:13 GMT" time="98.668" errors="0">
  <testcase name="TC1_17_Delete_SC_Campaign_Facebook" time="46.282" classname="com.socialcode.webdriver.tests.campaigns.DeleteCampaign"/>
  <testcase name="createCampaignForDeletion" time="52.386" classname="com.socialcode.webdriver.tests.campaigns.DeleteCampaign"/>
</testsuite> <!-- com.socialcode.webdriver.tests.campaigns.DeleteCampaign -->
