<?xml version="1.0" encoding="UTF-8"?>
<!-- Generated by org.testng.reporters.JUnitReportReporter -->
<testsuite hostname="anthonyc-SocialCode.local" name="com.socialcode.webdriver.tests.initiatives.DeleteInitiative" tests="2" failures="0" timestamp="26 Jan 2016 18:20:13 GMT" time="78.343" errors="0">
  <testcase name="createInitiativeForDeletion" time="41.519" classname="com.socialcode.webdriver.tests.initiatives.DeleteInitiative"/>
  <testcase name="TC1_3_Delete_an_Initiative" time="36.824" classname="com.socialcode.webdriver.tests.initiatives.DeleteInitiative"/>
</testsuite> <!-- com.socialcode.webdriver.tests.initiatives.DeleteInitiative -->
