<?xml version="1.0" encoding="UTF-8"?>
<!-- Generated by org.testng.reporters.JUnitReportReporter -->
<testsuite hostname="anthonyc-SocialCode.local" name="com.socialcode.webdriver.tests.campaigns.CreateCampaign" tests="3" failures="0" timestamp="26 Jan 2016 18:20:13 GMT" time="182.624" errors="0">
  <testcase name="TC1_12_Create_SC_Campaign_Facebook" time="66.133" classname="com.socialcode.webdriver.tests.campaigns.CreateCampaign"/>
  <testcase name="TC1_12_Create_SC_Campaign_Facebook" time="55.865" classname="com.socialcode.webdriver.tests.campaigns.CreateCampaign"/>
  <testcase name="TC1_12_Create_SC_Campaign_Facebook" time="60.626" classname="com.socialcode.webdriver.tests.campaigns.CreateCampaign"/>
</testsuite> <!-- com.socialcode.webdriver.tests.campaigns.CreateCampaign -->
